\BOOKMARK [1][-]{section.1}{\376\377\000M\000a\000t\000p\000l\000o\000t\000l\000i\000b\176\330\126\376\173\200\116\313}{}% 1
\BOOKMARK [2][-]{subsection.1.1}{\376\377\126\376\137\142\150\067\137\017}{section.1}% 2
\BOOKMARK [2][-]{subsection.1.2}{\376\377\116\015\124\014\163\257\130\203\166\204\117\177\165\050}{section.1}% 3
\BOOKMARK [2][-]{subsection.1.3}{\376\377\126\376\120\317\166\204\117\335\133\130}{section.1}% 4
\BOOKMARK [2][-]{subsection.1.4}{\376\377\116\044\171\315\116\015\124\014\166\204\165\073\126\376\143\245\123\343}{section.1}% 5
\BOOKMARK [1][-]{section.2}{\376\377\126\376\137\142\173\200\123\125\176\330\122\066}{}% 6
\BOOKMARK [2][-]{subsection.2.1}{\376\377\176\330\122\066\173\200\123\125\126\376\137\142}{section.2}% 7
\BOOKMARK [2][-]{subsection.2.2}{\376\377\214\003\145\164\126\376\137\142\230\316\150\074}{section.2}% 8
\BOOKMARK [2][-]{subsection.2.3}{\376\377\214\003\145\164\127\120\150\007\217\164}{section.2}% 9
\BOOKMARK [2][-]{subsection.2.4}{\376\377\213\276\177\156\126\376\137\142\150\007\173\176}{section.2}% 10
\BOOKMARK [2][-]{subsection.2.5}{\376\377\221\115\177\156\230\234\202\162\147\141}{section.2}% 11
\BOOKMARK [1][-]{section.3}{\376\377\145\143\160\271\126\376}{}% 12
\BOOKMARK [2][-]{subsection.3.1}{\376\377\173\200\123\125\145\143\160\271\126\376}{section.3}% 13
\BOOKMARK [2][-]{subsection.3.2}{\376\377\121\166\116\326\145\143\160\271\126\376\137\142\162\266}{section.3}% 14
\BOOKMARK [2][-]{subsection.3.3}{\376\377\160\271\176\277\176\323\124\010\166\204\126\376}{section.3}% 15
\BOOKMARK [2][-]{subsection.3.4}{\376\377\117\177\165\050\000p\000l\000t\000.\000s\000c\000a\000t\000t\000e\000r\165\073\145\143\160\271\126\376}{section.3}% 16
\BOOKMARK [1][-]{section.4}{\376\377\213\357\135\356\176\277}{}% 17
\BOOKMARK [2][-]{subsection.4.1}{\376\377\127\372\147\054\213\357\135\356\176\277}{section.4}% 18
\BOOKMARK [2][-]{subsection.4.2}{\376\377\217\336\176\355\213\357\135\356}{section.4}% 19
\BOOKMARK [1][-]{section.5}{\376\377\133\306\136\246\126\376\124\214\173\111\232\330\176\277}{}% 20
\BOOKMARK [2][-]{subsection.5.1}{\376\377\000c\000o\000n\000t\000o\000u\000r}{section.5}% 21
\BOOKMARK [2][-]{subsection.5.2}{\376\377\000p\000l\000t\000.\000c\000o\000n\000t\000o\000u\000r\000f}{section.5}% 22
\BOOKMARK [2][-]{subsection.5.3}{\376\377\000p\000l\000t\000.\000i\000m\000s\000h\000o\000w}{section.5}% 23
\BOOKMARK [1][-]{section.6}{\376\377\230\221\153\041\166\364\145\271\126\376\377\014\145\160\143\156\123\072\225\364\122\022\122\006\124\214\122\006\136\003\133\306\136\246}{}% 24
\BOOKMARK [2][-]{subsection.6.1}{\376\377\230\221\153\041\166\364\145\271\126\376}{section.6}% 25
\BOOKMARK [2][-]{subsection.6.2}{\376\377\116\214\176\364\230\221\153\041\166\364\145\271\126\376\124\214\145\160\143\156\123\072\225\364\122\022\122\006}{section.6}% 26
\BOOKMARK [2][-]{subsection.6.3}{\376\377\000p\000l\000t\000.\000h\000i\000s\000t\0002\000d}{section.6}% 27
\BOOKMARK [2][-]{subsection.6.4}{\376\377\000p\000l\000t\000.\000h\000e\000x\000b\000i\000n}{section.6}% 28
\BOOKMARK [2][-]{subsection.6.5}{\376\377\150\070\133\306\136\246\117\060\213\241}{section.6}% 29
\BOOKMARK [1][-]{section.7}{\376\377\131\032\133\120\126\376}{}% 30
\BOOKMARK [2][-]{subsection.7.1}{\376\377\142\113\122\250\122\033\136\372\131\032\133\120\126\376}{section.7}% 31
\BOOKMARK [2][-]{subsection.7.2}{\376\377\000p\000l\000t\000.\000s\000u\000b\000p\000l\000o\000t\000\040\136\372\213\256\177\121\150\074\133\120\126\376}{section.7}% 32
\BOOKMARK [2][-]{subsection.7.3}{\376\377\0007\000.\0003\000\040\000p\000l\000t\000.\000s\000u\000b\000p\000l\000o\000t\000s}{section.7}% 33
\BOOKMARK [2][-]{subsection.7.4}{\376\377\000p\000l\000t\000.\000G\000r\000i\000d\000S\000p\000e\000c}{section.7}% 34
\BOOKMARK [1][-]{section.8}{\376\377\145\207\133\127\116\016\154\350\221\312}{}% 35
\BOOKMARK [2][-]{subsection.8.1}{\376\377\127\120\150\007\123\330\143\142\124\214\145\207\133\127\117\115\177\156}{section.8}% 36
\BOOKMARK [2][-]{subsection.8.2}{\376\377\173\255\131\064\124\214\154\350\221\312}{section.8}% 37
\BOOKMARK [2][-]{subsection.8.3}{\376\377\201\352\133\232\116\111\127\120\150\007\217\164\122\073\136\246}{section.8}% 38
\BOOKMARK [1][-]{section.9}{\376\377\221\115\177\156\145\207\116\366\124\214\150\067\137\017\210\150}{}% 39
\BOOKMARK [2][-]{subsection.9.1}{\376\377\142\113\122\250\221\115\177\156\126\376\137\142}{section.9}% 40
\BOOKMARK [2][-]{subsection.9.2}{\376\377\117\356\145\071\236\330\213\244\221\115\177\156}{section.9}% 41
\BOOKMARK [2][-]{subsection.9.3}{\376\377\150\067\137\017\210\150}{section.9}% 42
\BOOKMARK [1][-]{section.10}{\376\377\116\011\176\364\126\376}{}% 43
\BOOKMARK [2][-]{subsection.10.1}{\376\377\173\200\123\125\116\011\176\364\127\120\150\007\166\204\176\330\122\066}{section.10}% 44
\BOOKMARK [2][-]{subsection.10.2}{\376\377\116\011\176\364\145\160\143\156\166\204\160\271\124\214\176\277}{section.10}% 45
\BOOKMARK [2][-]{subsection.10.3}{\376\377\116\011\176\364\173\111\232\330\176\277}{section.10}% 46
\BOOKMARK [2][-]{subsection.10.4}{\376\377\176\277\150\106\126\376\124\214\146\362\227\142\126\376}{section.10}% 47
\BOOKMARK [2][-]{subsection.10.5}{\376\377\146\362\227\142\116\011\211\322\122\126\122\006}{section.10}% 48
\BOOKMARK [1][-]{section.11}{\376\377\000S\000e\000a\000b\000o\000r\000n\145\160\143\156\123\357\211\306\123\026}{}% 49
\BOOKMARK [2][-]{subsection.11.1}{\376\377\000S\000e\000a\000b\000o\000r\000n\124\214\000M\000a\000t\000p\000l\000o\000t\000l\000i\000b\166\204\133\371\153\324}{section.11}% 50
\BOOKMARK [2][-]{subsection.11.2}{\376\377\000S\000e\000a\000b\000o\000r\000n\126\376\137\142\116\313\176\315}{section.11}% 51
